[2026-06-13 16:28:16] ============================================================
[2026-06-13 16:28:16] Bot iniciado. Conectado a MT5. Cuenta 10011314164 | Balance 100000.0 USD
[2026-06-13 16:28:16] Operando EUR_USD en M15 | Riesgo 1% | TP=rr (R:R 3.0)
[2026-06-13 16:28:16] Trailing stop ACTIVO (ATR x 2.0)
[2026-06-13 16:28:16] Filtro de régimen ACTIVO (ADX < 30)
[2026-06-13 16:28:16] Circuit breaker ACTIVO (freno al perder 3% diario)
[2026-06-13 16:28:16] [13:28:16] Sin señal. Precio 1.15670  RSI 39  ADX 15
[2026-06-13 16:29:16] [13:29:16] Sin señal. Precio 1.15670  RSI 39  ADX 15
[2026-06-13 16:30:16] [13:30:16] Sin señal. Precio 1.15670  RSI 39  ADX 15
[2026-06-13 16:31:16] [13:31:16] Sin señal. Precio 1.15670  RSI 39  ADX 15
[2026-06-13 16:32:16] [13:32:16] Sin señal. Precio 1.15670  RSI 39  ADX 15
[2026-06-13 16:33:16] [13:33:16] Sin señal. Precio 1.15670  RSI 39  ADX 15
[2026-06-13 16:34:16] [13:34:16] Sin señal. Precio 1.15670  RSI 39  ADX 15
[2026-06-13 16:35:16] [13:35:16] Sin señal. Precio 1.15670  RSI 39  ADX 15
[2026-06-13 16:36:16] [13:36:16] Sin señal. Precio 1.15670  RSI 39  ADX 15
[2026-06-13 16:37:16] [13:37:16] Sin señal. Precio 1.15670  RSI 39  ADX 15
[2026-06-13 16:38:16] [13:38:16] Sin señal. Precio 1.15670  RSI 39  ADX 15
[2026-06-13 16:39:16] [13:39:16] Sin señal. Precio 1.15670  RSI 39  ADX 15
[2026-06-13 16:40:16] [13:40:16] Sin señal. Precio 1.15670  RSI 39  ADX 15
[2026-06-13 16:41:16] [13:41:16] Sin señal. Precio 1.15670  RSI 39  ADX 15
[2026-06-13 16:42:16] [13:42:16] Sin señal. Precio 1.15670  RSI 39  ADX 15
[2026-06-13 16:43:16] [13:43:16] Sin señal. Precio 1.15670  RSI 39  ADX 15
[2026-06-13 16:44:16] [13:44:16] Sin señal. Precio 1.15670  RSI 39  ADX 15
[2026-06-13 16:45:16] [13:45:16] Sin señal. Precio 1.15670  RSI 39  ADX 15
[2026-06-13 16:46:16] [13:46:16] Sin señal. Precio 1.15670  RSI 39  ADX 15
[2026-06-13 16:47:16] [13:47:16] Sin señal. Precio 1.15670  RSI 39  ADX 15
[2026-06-13 16:48:16] [13:48:16] Sin señal. Precio 1.15670  RSI 39  ADX 15
[2026-06-13 16:49:16] [13:49:16] Sin señal. Precio 1.15670  RSI 39  ADX 15
[2026-06-13 16:50:16] [13:50:16] Sin señal. Precio 1.15670  RSI 39  ADX 15
[2026-06-13 16:51:16] [13:51:16] Sin señal. Precio 1.15670  RSI 39  ADX 15
[2026-06-13 16:52:16] [13:52:16] Sin señal. Precio 1.15670  RSI 39  ADX 15
[2026-06-13 16:53:16] [13:53:16] Sin señal. Precio 1.15670  RSI 39  ADX 15
[2026-06-13 16:54:16] [13:54:16] Sin señal. Precio 1.15670  RSI 39  ADX 15
[2026-06-13 16:55:16] [13:55:16] Sin señal. Precio 1.15670  RSI 39  ADX 15
[2026-06-13 16:56:16] [13:56:16] Sin señal. Precio 1.15670  RSI 39  ADX 15
[2026-06-13 16:57:16] [13:57:16] Sin señal. Precio 1.15670  RSI 39  ADX 15
[2026-06-13 16:58:16] [13:58:16] Sin señal. Precio 1.15670  RSI 39  ADX 15
[2026-06-13 16:59:16] [13:59:16] Sin señal. Precio 1.15670  RSI 39  ADX 15
[2026-06-13 17:00:16] [14:00:16] Sin señal. Precio 1.15670  RSI 39  ADX 15
[2026-06-13 17:01:16] [14:01:16] Sin señal. Precio 1.15670  RSI 39  ADX 15
[2026-06-13 17:02:16] [14:02:16] Sin señal. Precio 1.15670  RSI 39  ADX 15
[2026-06-13 17:03:16] [14:03:16] Sin señal. Precio 1.15670  RSI 39  ADX 15
[2026-06-13 17:04:16] [14:04:16] Sin señal. Precio 1.15670  RSI 39  ADX 15
[2026-06-13 17:05:16] [14:05:16] Sin señal. Precio 1.15670  RSI 39  ADX 15
[2026-06-13 17:06:16] [14:06:16] Sin señal. Precio 1.15670  RSI 39  ADX 15
[2026-06-13 17:07:16] [14:07:16] Sin señal. Precio 1.15670  RSI 39  ADX 15
[2026-06-13 17:08:16] [14:08:16] Sin señal. Precio 1.15670  RSI 39  ADX 15
[2026-06-13 17:09:16] [14:09:16] Sin señal. Precio 1.15670  RSI 39  ADX 15
[2026-06-13 17:10:16] [14:10:16] Sin señal. Precio 1.15670  RSI 39  ADX 15
[2026-06-13 17:11:16] [14:11:16] Sin señal. Precio 1.15670  RSI 39  ADX 15
[2026-06-13 17:12:16] [14:12:16] Sin señal. Precio 1.15670  RSI 39  ADX 15
[2026-06-13 17:13:16] [14:13:16] Sin señal. Precio 1.15670  RSI 39  ADX 15
[2026-06-13 17:14:16] [14:14:16] Sin señal. Precio 1.15670  RSI 39  ADX 15
[2026-06-13 17:15:16] [14:15:16] Sin señal. Precio 1.15670  RSI 39  ADX 15
[2026-06-13 17:16:16] [14:16:16] Sin señal. Precio 1.15670  RSI 39  ADX 15
[2026-06-13 17:17:16] [14:17:16] Sin señal. Precio 1.15670  RSI 39  ADX 15
[2026-06-13 17:18:16] [14:18:16] Sin señal. Precio 1.15670  RSI 39  ADX 15
[2026-06-13 17:19:16] [14:19:16] Sin señal. Precio 1.15670  RSI 39  ADX 15
[2026-06-13 17:20:16] [14:20:16] Sin señal. Precio 1.15670  RSI 39  ADX 15
[2026-06-13 17:21:16] [14:21:16] Sin señal. Precio 1.15670  RSI 39  ADX 15
[2026-06-13 17:22:16] [14:22:16] Sin señal. Precio 1.15670  RSI 39  ADX 15
[2026-06-13 17:23:16] [14:23:16] Sin señal. Precio 1.15670  RSI 39  ADX 15
[2026-06-13 17:24:16] [14:24:16] Sin señal. Precio 1.15670  RSI 39  ADX 15
[2026-06-13 17:25:16] [14:25:16] Sin señal. Precio 1.15670  RSI 39  ADX 15
[2026-06-13 17:26:16] [14:26:16] Sin señal. Precio 1.15670  RSI 39  ADX 15
[2026-06-13 17:27:16] [14:27:16] Sin señal. Precio 1.15670  RSI 39  ADX 15
[2026-06-13 17:28:16] [14:28:16] Sin señal. Precio 1.15670  RSI 39  ADX 15
[2026-06-13 17:29:16] [14:29:16] Sin señal. Precio 1.15670  RSI 39  ADX 15
[2026-06-13 17:30:17] [14:30:17] Sin señal. Precio 1.15670  RSI 39  ADX 15
[2026-06-13 17:31:17] [14:31:17] Sin señal. Precio 1.15670  RSI 39  ADX 15
[2026-06-13 17:32:17] [14:32:17] Sin señal. Precio 1.15670  RSI 39  ADX 15
[2026-06-13 17:33:17] [14:33:17] Sin señal. Precio 1.15670  RSI 39  ADX 15
[2026-06-13 17:34:17] [14:34:17] Sin señal. Precio 1.15670  RSI 39  ADX 15
[2026-06-13 17:35:17] [14:35:17] Sin señal. Precio 1.15670  RSI 39  ADX 15
[2026-06-13 17:36:17] [14:36:17] Sin señal. Precio 1.15670  RSI 39  ADX 15
[2026-06-13 17:37:17] [14:37:17] Sin señal. Precio 1.15670  RSI 39  ADX 15
[2026-06-13 17:38:17] [14:38:17] Sin señal. Precio 1.15670  RSI 39  ADX 15
[2026-06-13 17:39:17] [14:39:17] Sin señal. Precio 1.15670  RSI 39  ADX 15
[2026-06-13 17:40:17] [14:40:17] Sin señal. Precio 1.15670  RSI 39  ADX 15
[2026-06-13 17:41:17] [14:41:17] Sin señal. Precio 1.15670  RSI 39  ADX 15
[2026-06-13 17:42:17] [14:42:17] Sin señal. Precio 1.15670  RSI 39  ADX 15
[2026-06-13 17:43:17] [14:43:17] Sin señal. Precio 1.15670  RSI 39  ADX 15
[2026-06-13 17:44:17] [14:44:17] Sin señal. Precio 1.15670  RSI 39  ADX 15
[2026-06-13 17:45:17] [14:45:17] Sin señal. Precio 1.15670  RSI 39  ADX 15
[2026-06-13 17:46:17] [14:46:17] Sin señal. Precio 1.15670  RSI 39  ADX 15
[2026-06-13 17:47:17] [14:47:17] Sin señal. Precio 1.15670  RSI 39  ADX 15
[2026-06-13 17:48:17] [14:48:17] Sin señal. Precio 1.15670  RSI 39  ADX 15
[2026-06-13 17:49:17] [14:49:17] Sin señal. Precio 1.15670  RSI 39  ADX 15
[2026-06-13 17:50:17] [14:50:17] Sin señal. Precio 1.15670  RSI 39  ADX 15
[2026-06-13 17:51:17] [14:51:17] Sin señal. Precio 1.15670  RSI 39  ADX 15
[2026-06-13 17:52:17] [14:52:17] Sin señal. Precio 1.15670  RSI 39  ADX 15
[2026-06-13 17:53:17] [14:53:17] Sin señal. Precio 1.15670  RSI 39  ADX 15
[2026-06-13 17:54:17] [14:54:17] Sin señal. Precio 1.15670  RSI 39  ADX 15
[2026-06-13 17:55:17] [14:55:17] Sin señal. Precio 1.15670  RSI 39  ADX 15
[2026-06-13 17:56:17] [14:56:17] Sin señal. Precio 1.15670  RSI 39  ADX 15
[2026-06-13 17:57:17] [14:57:17] Sin señal. Precio 1.15670  RSI 39  ADX 15
[2026-06-13 17:58:17] [14:58:17] Sin señal. Precio 1.15670  RSI 39  ADX 15
[2026-06-13 17:59:17] [14:59:17] Sin señal. Precio 1.15670  RSI 39  ADX 15
[2026-06-13 18:00:17] [15:00:17] Sin señal. Precio 1.15670  RSI 39  ADX 15
[2026-06-13 18:01:17] [15:01:17] Sin señal. Precio 1.15670  RSI 39  ADX 15
[2026-06-13 18:02:17] [15:02:17] Sin señal. Precio 1.15670  RSI 39  ADX 15
[2026-06-13 18:03:17] [15:03:17] Sin señal. Precio 1.15670  RSI 39  ADX 15
[2026-06-13 18:04:17] [15:04:17] Sin señal. Precio 1.15670  RSI 39  ADX 15
[2026-06-13 18:05:17] [15:05:17] Sin señal. Precio 1.15670  RSI 39  ADX 15
[2026-06-13 18:06:17] [15:06:17] Sin señal. Precio 1.15670  RSI 39  ADX 15
[2026-06-13 18:07:17] [15:07:17] Sin señal. Precio 1.15670  RSI 39  ADX 15
[2026-06-13 18:08:17] [15:08:17] Sin señal. Precio 1.15670  RSI 39  ADX 15
[2026-06-13 18:09:17] [15:09:17] Sin señal. Precio 1.15670  RSI 39  ADX 15
[2026-06-13 18:10:17] [15:10:17] Sin señal. Precio 1.15670  RSI 39  ADX 15
[2026-06-13 18:11:17] [15:11:17] Sin señal. Precio 1.15670  RSI 39  ADX 15
[2026-06-13 18:12:17] [15:12:17] Sin señal. Precio 1.15670  RSI 39  ADX 15
[2026-06-13 18:13:17] [15:13:17] Sin señal. Precio 1.15670  RSI 39  ADX 15
[2026-06-13 18:14:17] [15:14:17] Sin señal. Precio 1.15670  RSI 39  ADX 15
[2026-06-13 18:15:17] [15:15:17] Sin señal. Precio 1.15670  RSI 39  ADX 15
[2026-06-13 18:16:17] [15:16:17] Sin señal. Precio 1.15670  RSI 39  ADX 15
[2026-06-13 18:17:17] [15:17:17] Sin señal. Precio 1.15670  RSI 39  ADX 15
[2026-06-13 18:18:17] [15:18:17] Sin señal. Precio 1.15670  RSI 39  ADX 15
[2026-06-13 18:19:17] [15:19:17] Sin señal. Precio 1.15670  RSI 39  ADX 15
[2026-06-13 18:20:17] [15:20:17] Sin señal. Precio 1.15670  RSI 39  ADX 15
[2026-06-13 18:21:17] [15:21:17] Sin señal. Precio 1.15670  RSI 39  ADX 15
[2026-06-13 18:22:08] ============================================================
[2026-06-13 18:22:08] Bot iniciado. Conectado a MT5. Cuenta 10011314164 | Balance 100000.0 USD
[2026-06-13 18:22:08] Operando EUR_USD en M15 | Riesgo 1% | TP=rr (R:R 3.0)
[2026-06-13 18:22:08] Trailing stop ACTIVO (ATR x 2.0)
[2026-06-13 18:22:08] Filtro de régimen ACTIVO (ADX < 30)
[2026-06-13 18:22:08] Circuit breaker ACTIVO (freno al perder 3% diario)
[2026-06-13 18:22:08] [15:22:08] Sin señal. Precio 1.15670  RSI 39  ADX 15
