[2026-06-22 15:48:11] ============================================================
[2026-06-22 15:48:11] Bot iniciado. Conectado a MT5. Cuenta 10011314164 | Balance 100000.0 USD
[2026-06-22 15:48:11] Operando EUR_USD en M15 | Riesgo 0% | TP=rr (R:R 3.0)
[2026-06-22 15:48:11] Trailing stop ACTIVO (ATR x 2.0)
[2026-06-22 15:48:11] Filtro de régimen ACTIVO (ADX < 30)
[2026-06-22 15:48:11] Circuit breaker ACTIVO (freno al perder 4% diario)
[2026-06-22 15:48:11] MODO FTMO: capital base $10,000 | freno total -8% | objetivo +10%
[2026-06-22 15:48:11] [12:48:11] 🎯 OBJETIVO FTMO ALCANZADO: equity $100,000.00 (+10%). DETENIENDO el bot (fase superada).
[2026-06-22 15:49:09] ============================================================
[2026-06-22 15:49:09] Bot iniciado. Conectado a MT5. Cuenta 10011314164 | Balance 100000.0 USD
[2026-06-22 15:49:09] Operando EUR_USD en M15 | Riesgo 0% | TP=rr (R:R 3.0)
[2026-06-22 15:49:09] Trailing stop ACTIVO (ATR x 2.0)
[2026-06-22 15:49:09] Filtro de régimen ACTIVO (ADX < 30)
[2026-06-22 15:49:09] Circuit breaker ACTIVO (freno al perder 4% diario)
[2026-06-22 15:49:09] MODO FTMO: capital base $10,000 | freno total -8% | objetivo +10%
[2026-06-22 15:49:09] [12:49:09] 🎯 OBJETIVO FTMO ALCANZADO: equity $100,000.00 (+10%). DETENIENDO el bot (fase superada).
[2026-06-22 15:53:41] ============================================================
[2026-06-22 15:53:41] Bot iniciado. Conectado a MT5. Cuenta 10011314164 | Balance 100000.0 USD
[2026-06-22 15:53:41] Operando EUR_USD en M15 | Riesgo 0% | TP=rr (R:R 3.0)
[2026-06-22 15:53:41] Trailing stop ACTIVO (ATR x 2.0)
[2026-06-22 15:53:41] Filtro de régimen ACTIVO (ADX < 30)
[2026-06-22 15:53:41] Circuit breaker ACTIVO (freno al perder 4% diario)
[2026-06-22 15:53:41] MODO FTMO: capital base $10,000 | freno total -8% | objetivo +10% | NO se apaga solo (frenos automáticos OFF)
[2026-06-22 15:53:41] [12:53:41] Sin señal. Precio 1.14381  RSI 42  ADX 26
[2026-06-22 15:54:41] [12:54:41] Sin señal. Precio 1.14381  RSI 42  ADX 26
[2026-06-22 15:55:41] [12:55:41] Sin señal. Precio 1.14381  RSI 42  ADX 26
[2026-06-22 15:56:39] ============================================================
[2026-06-22 15:56:39] Bot iniciado. Conectado a MT5. Cuenta 10011314164 | Balance 100000.0 USD
[2026-06-22 15:56:39] Operando EUR_USD en M15 | Riesgo 0% | TP=rr (R:R 3.0)
[2026-06-22 15:56:39] Trailing stop ACTIVO (ATR x 2.0)
[2026-06-22 15:56:39] Filtro de régimen ACTIVO (ADX < 30)
[2026-06-22 15:56:39] Circuit breaker ACTIVO (freno al perder 4% diario)
[2026-06-22 15:56:39] MODO FTMO: capital base $100,000 | freno total -8% | objetivo +10% | NO se apaga solo (frenos automáticos OFF)
[2026-06-22 15:56:39] [12:56:39] Sin señal. Precio 1.14381  RSI 42  ADX 26
[2026-06-22 15:57:39] [12:57:39] Sin señal. Precio 1.14381  RSI 42  ADX 26
[2026-06-22 15:58:39] [12:58:39] Sin señal. Precio 1.14381  RSI 42  ADX 26
[2026-06-22 15:59:39] [12:59:39] Sin señal. Precio 1.14381  RSI 42  ADX 26
[2026-06-22 16:00:39] [13:00:39] Sin señal. Precio 1.14381  RSI 42  ADX 26
[2026-06-22 16:01:39] [13:01:39] Sin señal. Precio 1.14319  RSI 37  ADX 26
[2026-06-22 16:02:39] [13:02:39] Sin señal. Precio 1.14319  RSI 37  ADX 26
[2026-06-22 16:03:39] [13:03:39] Sin señal. Precio 1.14319  RSI 37  ADX 26
[2026-06-22 16:04:39] [13:04:39] Sin señal. Precio 1.14319  RSI 37  ADX 26
[2026-06-22 16:05:39] [13:05:39] Sin señal. Precio 1.14319  RSI 37  ADX 26
[2026-06-22 16:06:39] [13:06:39] Sin señal. Precio 1.14319  RSI 37  ADX 26
[2026-06-22 16:07:39] [13:07:39] Sin señal. Precio 1.14319  RSI 37  ADX 26
[2026-06-22 16:08:39] [13:08:39] Sin señal. Precio 1.14319  RSI 37  ADX 26
[2026-06-22 16:09:39] [13:09:39] Sin señal. Precio 1.14319  RSI 37  ADX 26
[2026-06-22 16:10:39] [13:10:39] Sin señal. Precio 1.14319  RSI 37  ADX 26
[2026-06-22 16:11:39] [13:11:39] Sin señal. Precio 1.14319  RSI 37  ADX 26
[2026-06-22 16:12:39] [13:12:39] Sin señal. Precio 1.14319  RSI 37  ADX 26
[2026-06-22 16:13:39] [13:13:39] Sin señal. Precio 1.14319  RSI 37  ADX 26
[2026-06-22 16:14:39] [13:14:39] Sin señal. Precio 1.14319  RSI 37  ADX 26
[2026-06-22 16:15:39] [13:15:39] Sin señal. Precio 1.14319  RSI 37  ADX 26
[2026-06-22 16:16:39] [13:16:39] Sin señal. Precio 1.14281  RSI 35  ADX 27
[2026-06-22 16:17:39] [13:17:39] Sin señal. Precio 1.14281  RSI 35  ADX 27
[2026-06-22 16:18:39] [13:18:39] Sin señal. Precio 1.14281  RSI 35  ADX 27
[2026-06-22 16:19:39] [13:19:39] Sin señal. Precio 1.14281  RSI 35  ADX 27
[2026-06-22 16:20:39] [13:20:39] Sin señal. Precio 1.14281  RSI 35  ADX 27
[2026-06-22 16:21:39] [13:21:39] Sin señal. Precio 1.14281  RSI 35  ADX 27
[2026-06-22 16:22:39] [13:22:39] Sin señal. Precio 1.14281  RSI 35  ADX 27
[2026-06-22 16:23:39] [13:23:39] Sin señal. Precio 1.14281  RSI 35  ADX 27
[2026-06-22 16:24:39] [13:24:39] Sin señal. Precio 1.14281  RSI 35  ADX 27
[2026-06-22 16:25:39] [13:25:39] Sin señal. Precio 1.14281  RSI 35  ADX 27
[2026-06-22 16:26:39] [13:26:39] Sin señal. Precio 1.14281  RSI 35  ADX 27
[2026-06-22 16:27:39] [13:27:39] Sin señal. Precio 1.14281  RSI 35  ADX 27
[2026-06-22 16:28:39] [13:28:39] Sin señal. Precio 1.14281  RSI 35  ADX 27
[2026-06-22 16:29:39] [13:29:39] Sin señal. Precio 1.14281  RSI 35  ADX 27
[2026-06-22 16:30:39] [13:30:39] Sin señal. Precio 1.14281  RSI 35  ADX 27
[2026-06-22 16:31:39] [13:31:39] Sin señal. Precio 1.14269  RSI 34  ADX 28
[2026-06-22 16:32:39] [13:32:39] Sin señal. Precio 1.14269  RSI 34  ADX 28
[2026-06-22 16:33:39] [13:33:39] Sin señal. Precio 1.14269  RSI 34  ADX 28
[2026-06-22 16:34:39] [13:34:39] Sin señal. Precio 1.14269  RSI 34  ADX 28
[2026-06-22 16:35:39] [13:35:39] Sin señal. Precio 1.14269  RSI 34  ADX 28
[2026-06-22 16:36:39] [13:36:39] Sin señal. Precio 1.14269  RSI 34  ADX 28
[2026-06-22 16:37:39] [13:37:39] Sin señal. Precio 1.14269  RSI 34  ADX 28
[2026-06-22 16:38:39] [13:38:39] Sin señal. Precio 1.14269  RSI 34  ADX 28
[2026-06-22 16:39:39] [13:39:39] Sin señal. Precio 1.14269  RSI 34  ADX 28
[2026-06-22 16:40:39] [13:40:39] Sin señal. Precio 1.14269  RSI 34  ADX 28
[2026-06-22 16:41:39] [13:41:39] Sin señal. Precio 1.14269  RSI 34  ADX 28
[2026-06-22 16:42:39] [13:42:39] Sin señal. Precio 1.14269  RSI 34  ADX 28
[2026-06-22 16:43:39] [13:43:39] Sin señal. Precio 1.14269  RSI 34  ADX 28
[2026-06-22 16:44:39] [13:44:39] Sin señal. Precio 1.14269  RSI 34  ADX 28
[2026-06-22 16:45:39] [13:45:39] Sin señal. Precio 1.14269  RSI 34  ADX 28
[2026-06-22 16:46:39] [13:46:39] Sin señal. Precio 1.14269  RSI 34  ADX 29
[2026-06-22 16:47:39] [13:47:39] Sin señal. Precio 1.14269  RSI 34  ADX 29
[2026-06-22 16:48:39] [13:48:39] Sin señal. Precio 1.14269  RSI 34  ADX 29
[2026-06-22 16:49:39] [13:49:39] Sin señal. Precio 1.14269  RSI 34  ADX 29
[2026-06-22 16:50:39] [13:50:39] Sin señal. Precio 1.14269  RSI 34  ADX 29
[2026-06-22 16:51:39] [13:51:39] Sin señal. Precio 1.14269  RSI 34  ADX 29
[2026-06-22 16:52:39] [13:52:39] Sin señal. Precio 1.14269  RSI 34  ADX 29
[2026-06-22 16:53:39] [13:53:39] Sin señal. Precio 1.14269  RSI 34  ADX 29
[2026-06-22 16:54:39] [13:54:39] Sin señal. Precio 1.14269  RSI 34  ADX 29
[2026-06-22 16:55:39] [13:55:39] Sin señal. Precio 1.14269  RSI 34  ADX 29
[2026-06-22 16:56:39] [13:56:39] Sin señal. Precio 1.14269  RSI 34  ADX 29
[2026-06-22 16:57:39] [13:57:39] Sin señal. Precio 1.14269  RSI 34  ADX 29
[2026-06-22 16:58:39] [13:58:39] Sin señal. Precio 1.14269  RSI 34  ADX 29
[2026-06-22 16:59:39] [13:59:39] Sin señal. Precio 1.14269  RSI 34  ADX 29
[2026-06-22 17:00:39] [14:00:39] Sin señal. Precio 1.14269  RSI 34  ADX 29
[2026-06-22 17:01:39] [14:01:39] Sin señal. Precio 1.14312  RSI 40  ADX 30
[2026-06-22 17:02:39] [14:02:39] Sin señal. Precio 1.14312  RSI 40  ADX 30
[2026-06-22 17:03:39] [14:03:39] Sin señal. Precio 1.14312  RSI 40  ADX 30
[2026-06-22 17:04:39] [14:04:39] Sin señal. Precio 1.14312  RSI 40  ADX 30
[2026-06-22 17:05:39] [14:05:39] Sin señal. Precio 1.14312  RSI 40  ADX 30
[2026-06-22 17:06:39] [14:06:39] Sin señal. Precio 1.14312  RSI 40  ADX 30
[2026-06-22 17:07:39] [14:07:39] Sin señal. Precio 1.14312  RSI 40  ADX 30
[2026-06-22 17:08:39] [14:08:39] Sin señal. Precio 1.14312  RSI 40  ADX 30
[2026-06-22 17:09:39] [14:09:39] Sin señal. Precio 1.14312  RSI 40  ADX 30
[2026-06-22 17:10:39] [14:10:39] Sin señal. Precio 1.14312  RSI 40  ADX 30
[2026-06-22 17:11:39] [14:11:39] Sin señal. Precio 1.14312  RSI 40  ADX 30
[2026-06-22 17:12:39] [14:12:39] Sin señal. Precio 1.14312  RSI 40  ADX 30
[2026-06-22 17:13:39] [14:13:39] Sin señal. Precio 1.14312  RSI 40  ADX 30
[2026-06-22 17:14:39] [14:14:39] Sin señal. Precio 1.14312  RSI 40  ADX 30
[2026-06-22 17:15:39] [14:15:39] Sin señal. Precio 1.14312  RSI 40  ADX 30
[2026-06-22 17:16:39] [14:16:39] Sin señal. Precio 1.14305  RSI 39  ADX 30
[2026-06-22 17:17:39] [14:17:39] Sin señal. Precio 1.14305  RSI 39  ADX 30
[2026-06-22 17:18:39] [14:18:39] Sin señal. Precio 1.14305  RSI 39  ADX 30
[2026-06-22 17:19:39] [14:19:39] Sin señal. Precio 1.14305  RSI 39  ADX 30
[2026-06-22 17:20:39] [14:20:39] Sin señal. Precio 1.14305  RSI 39  ADX 30
[2026-06-22 17:21:39] [14:21:39] Sin señal. Precio 1.14305  RSI 39  ADX 30
[2026-06-22 17:22:39] [14:22:39] Sin señal. Precio 1.14305  RSI 39  ADX 30
[2026-06-22 17:23:39] [14:23:39] Sin señal. Precio 1.14305  RSI 39  ADX 30
[2026-06-22 17:24:39] [14:24:39] Sin señal. Precio 1.14305  RSI 39  ADX 30
[2026-06-22 17:25:39] [14:25:39] Sin señal. Precio 1.14305  RSI 39  ADX 30
[2026-06-22 17:26:39] [14:26:39] Sin señal. Precio 1.14305  RSI 39  ADX 30
[2026-06-22 17:27:40] [14:27:39] Sin señal. Precio 1.14305  RSI 39  ADX 30
[2026-06-22 17:28:40] [14:28:40] Sin señal. Precio 1.14305  RSI 39  ADX 30
[2026-06-22 17:29:40] [14:29:40] Sin señal. Precio 1.14305  RSI 39  ADX 30
[2026-06-22 17:30:40] [14:30:40] Sin señal. Precio 1.14305  RSI 39  ADX 30
[2026-06-22 17:31:40] [14:31:40] Sin señal. Precio 1.14296  RSI 38  ADX 30
[2026-06-22 17:32:40] [14:32:40] Sin señal. Precio 1.14296  RSI 38  ADX 30
[2026-06-22 17:33:40] [14:33:40] Sin señal. Precio 1.14296  RSI 38  ADX 30
[2026-06-22 17:34:40] [14:34:40] Sin señal. Precio 1.14296  RSI 38  ADX 30
[2026-06-22 17:35:40] [14:35:40] Sin señal. Precio 1.14296  RSI 38  ADX 30
[2026-06-22 17:36:40] [14:36:40] Sin señal. Precio 1.14296  RSI 38  ADX 30
[2026-06-22 17:37:40] [14:37:40] Sin señal. Precio 1.14296  RSI 38  ADX 30
[2026-06-22 17:38:40] [14:38:40] Sin señal. Precio 1.14296  RSI 38  ADX 30
[2026-06-22 17:39:40] [14:39:40] Sin señal. Precio 1.14296  RSI 38  ADX 30
[2026-06-22 17:40:40] [14:40:40] Sin señal. Precio 1.14296  RSI 38  ADX 30
[2026-06-22 17:41:40] [14:41:40] Sin señal. Precio 1.14296  RSI 38  ADX 30
[2026-06-22 17:42:40] [14:42:40] Sin señal. Precio 1.14296  RSI 38  ADX 30
[2026-06-22 17:43:40] [14:43:40] Sin señal. Precio 1.14296  RSI 38  ADX 30
[2026-06-22 17:44:40] [14:44:40] Sin señal. Precio 1.14296  RSI 38  ADX 30
[2026-06-22 17:45:40] [14:45:40] Sin señal. Precio 1.14296  RSI 38  ADX 30
[2026-06-22 17:46:40] [14:46:40] Sin señal. Precio 1.14287  RSI 38  ADX 31
[2026-06-22 17:47:40] [14:47:40] Sin señal. Precio 1.14287  RSI 38  ADX 31
[2026-06-22 17:48:40] [14:48:40] Sin señal. Precio 1.14287  RSI 38  ADX 31
[2026-06-22 17:49:40] [14:49:40] Sin señal. Precio 1.14287  RSI 38  ADX 31
[2026-06-22 17:50:40] [14:50:40] Sin señal. Precio 1.14287  RSI 38  ADX 31
[2026-06-22 17:51:40] [14:51:40] Sin señal. Precio 1.14287  RSI 38  ADX 31
[2026-06-22 17:52:40] [14:52:40] Sin señal. Precio 1.14287  RSI 38  ADX 31
[2026-06-22 17:53:40] [14:53:40] Sin señal. Precio 1.14287  RSI 38  ADX 31
[2026-06-22 17:54:40] [14:54:40] Sin señal. Precio 1.14287  RSI 38  ADX 31
[2026-06-22 17:55:40] [14:55:40] Sin señal. Precio 1.14287  RSI 38  ADX 31
[2026-06-22 17:56:40] [14:56:40] Sin señal. Precio 1.14287  RSI 38  ADX 31
[2026-06-22 17:57:40] [14:57:40] Sin señal. Precio 1.14287  RSI 38  ADX 31
[2026-06-22 17:58:40] [14:58:40] Sin señal. Precio 1.14287  RSI 38  ADX 31
[2026-06-22 17:59:40] [14:59:40] Sin señal. Precio 1.14287  RSI 38  ADX 31
[2026-06-22 18:00:40] [15:00:40] Sin señal. Precio 1.14287  RSI 38  ADX 31
[2026-06-22 18:01:40] [15:01:40] Sin señal. Precio 1.14291  RSI 38  ADX 31
[2026-06-22 18:02:40] [15:02:40] Sin señal. Precio 1.14291  RSI 38  ADX 31
[2026-06-22 18:03:40] [15:03:40] Sin señal. Precio 1.14291  RSI 38  ADX 31
[2026-06-22 18:04:40] [15:04:40] Sin señal. Precio 1.14291  RSI 38  ADX 31
[2026-06-22 18:05:40] [15:05:40] Sin señal. Precio 1.14291  RSI 38  ADX 31
[2026-06-22 18:06:40] [15:06:40] Sin señal. Precio 1.14291  RSI 38  ADX 31
[2026-06-22 18:07:40] [15:07:40] Sin señal. Precio 1.14291  RSI 38  ADX 31
[2026-06-22 18:08:40] [15:08:40] Sin señal. Precio 1.14291  RSI 38  ADX 31
[2026-06-22 18:09:40] [15:09:40] Sin señal. Precio 1.14291  RSI 38  ADX 31
[2026-06-22 18:10:40] [15:10:40] Sin señal. Precio 1.14291  RSI 38  ADX 31
[2026-06-22 18:11:40] [15:11:40] Sin señal. Precio 1.14291  RSI 38  ADX 31
[2026-06-22 18:12:40] [15:12:40] Sin señal. Precio 1.14291  RSI 38  ADX 31
[2026-06-22 18:13:40] [15:13:40] Sin señal. Precio 1.14291  RSI 38  ADX 31
[2026-06-22 18:14:40] [15:14:40] Sin señal. Precio 1.14291  RSI 38  ADX 31
[2026-06-22 18:15:40] [15:15:40] Sin señal. Precio 1.14291  RSI 38  ADX 31
[2026-06-22 18:16:40] [15:16:40] Sin señal. Precio 1.14303  RSI 40  ADX 31
[2026-06-22 18:17:40] [15:17:40] Sin señal. Precio 1.14303  RSI 40  ADX 31
[2026-06-22 18:18:40] [15:18:40] Sin señal. Precio 1.14303  RSI 40  ADX 31
[2026-06-22 18:19:40] [15:19:40] Sin señal. Precio 1.14303  RSI 40  ADX 31
[2026-06-22 18:20:40] [15:20:40] Sin señal. Precio 1.14303  RSI 40  ADX 31
[2026-06-22 18:21:40] [15:21:40] Sin señal. Precio 1.14303  RSI 40  ADX 31
[2026-06-22 18:22:40] [15:22:40] Sin señal. Precio 1.14303  RSI 40  ADX 31
[2026-06-22 18:23:40] [15:23:40] Sin señal. Precio 1.14303  RSI 40  ADX 31
[2026-06-22 18:24:40] [15:24:40] Sin señal. Precio 1.14303  RSI 40  ADX 31
[2026-06-22 18:25:40] [15:25:40] Sin señal. Precio 1.14303  RSI 40  ADX 31
[2026-06-22 18:26:40] [15:26:40] Sin señal. Precio 1.14303  RSI 40  ADX 31
[2026-06-22 18:27:40] [15:27:40] Sin señal. Precio 1.14303  RSI 40  ADX 31
[2026-06-22 18:28:40] [15:28:40] Sin señal. Precio 1.14303  RSI 40  ADX 31
[2026-06-22 18:29:40] [15:29:40] Sin señal. Precio 1.14303  RSI 40  ADX 31
[2026-06-22 18:30:40] [15:30:40] Sin señal. Precio 1.14303  RSI 40  ADX 31
[2026-06-22 18:31:40] [15:31:40] Sin señal. Precio 1.14276  RSI 37  ADX 32
[2026-06-22 18:32:40] [15:32:40] Sin señal. Precio 1.14276  RSI 37  ADX 32
[2026-06-22 18:33:40] [15:33:40] Sin señal. Precio 1.14276  RSI 37  ADX 32
[2026-06-22 18:34:40] [15:34:40] Sin señal. Precio 1.14276  RSI 37  ADX 32
[2026-06-22 18:35:40] [15:35:40] Sin señal. Precio 1.14276  RSI 37  ADX 32
[2026-06-22 18:36:40] [15:36:40] Sin señal. Precio 1.14276  RSI 37  ADX 32
[2026-06-22 18:37:40] [15:37:40] Sin señal. Precio 1.14276  RSI 37  ADX 32
[2026-06-22 18:38:40] [15:38:40] Sin señal. Precio 1.14276  RSI 37  ADX 32
[2026-06-22 18:39:40] [15:39:40] Sin señal. Precio 1.14276  RSI 37  ADX 32
[2026-06-22 18:40:40] [15:40:40] Sin señal. Precio 1.14276  RSI 37  ADX 32
[2026-06-22 18:41:40] [15:41:40] Sin señal. Precio 1.14276  RSI 37  ADX 32
[2026-06-22 18:42:40] [15:42:40] Sin señal. Precio 1.14276  RSI 37  ADX 32
[2026-06-22 18:43:40] [15:43:40] Sin señal. Precio 1.14276  RSI 37  ADX 32
[2026-06-22 18:44:40] [15:44:40] Sin señal. Precio 1.14276  RSI 37  ADX 32
[2026-06-22 18:45:40] [15:45:40] Sin señal. Precio 1.14276  RSI 37  ADX 32
[2026-06-22 18:46:40] [15:46:40] Sin señal. Precio 1.14258  RSI 36  ADX 32
[2026-06-22 18:47:40] [15:47:40] Sin señal. Precio 1.14258  RSI 36  ADX 32
[2026-06-22 18:48:40] [15:48:40] Sin señal. Precio 1.14258  RSI 36  ADX 32
[2026-06-22 18:49:40] [15:49:40] Sin señal. Precio 1.14258  RSI 36  ADX 32
[2026-06-22 18:50:40] [15:50:40] Sin señal. Precio 1.14258  RSI 36  ADX 32
[2026-06-22 18:51:40] [15:51:40] Sin señal. Precio 1.14258  RSI 36  ADX 32
[2026-06-22 18:52:40] [15:52:40] Sin señal. Precio 1.14258  RSI 36  ADX 32
[2026-06-22 18:53:40] [15:53:40] Sin señal. Precio 1.14258  RSI 36  ADX 32
[2026-06-22 18:54:40] [15:54:40] Sin señal. Precio 1.14258  RSI 36  ADX 32
[2026-06-22 18:55:40] [15:55:40] Sin señal. Precio 1.14258  RSI 36  ADX 32
[2026-06-22 18:56:40] [15:56:40] Sin señal. Precio 1.14258  RSI 36  ADX 32
[2026-06-22 18:57:40] [15:57:40] Sin señal. Precio 1.14258  RSI 36  ADX 32
[2026-06-22 18:58:40] [15:58:40] Sin señal. Precio 1.14258  RSI 36  ADX 32
[2026-06-22 18:59:40] [15:59:40] Sin señal. Precio 1.14258  RSI 36  ADX 32
[2026-06-22 19:00:40] [16:00:40] Sin señal. Precio 1.14258  RSI 36  ADX 32
[2026-06-22 19:01:40] [16:01:40] Sin señal. Precio 1.14244  RSI 34  ADX 33
[2026-06-22 19:02:40] [16:02:40] Sin señal. Precio 1.14244  RSI 34  ADX 33
[2026-06-22 19:03:40] [16:03:40] Sin señal. Precio 1.14244  RSI 34  ADX 33
[2026-06-22 19:04:40] [16:04:40] Sin señal. Precio 1.14244  RSI 34  ADX 33
[2026-06-22 19:05:40] [16:05:40] Sin señal. Precio 1.14244  RSI 34  ADX 33
[2026-06-22 19:06:40] [16:06:40] Sin señal. Precio 1.14244  RSI 34  ADX 33
[2026-06-22 19:07:40] [16:07:40] Sin señal. Precio 1.14244  RSI 34  ADX 33
[2026-06-22 19:08:40] [16:08:40] Sin señal. Precio 1.14244  RSI 34  ADX 33
[2026-06-22 19:09:40] [16:09:40] Sin señal. Precio 1.14244  RSI 34  ADX 33
[2026-06-22 19:10:40] [16:10:40] Sin señal. Precio 1.14244  RSI 34  ADX 33
[2026-06-22 19:11:40] [16:11:40] Sin señal. Precio 1.14244  RSI 34  ADX 33
[2026-06-22 19:12:40] [16:12:40] Sin señal. Precio 1.14244  RSI 34  ADX 33
[2026-06-22 19:13:40] [16:13:40] Sin señal. Precio 1.14244  RSI 34  ADX 33
[2026-06-22 19:14:40] [16:14:40] Sin señal. Precio 1.14244  RSI 34  ADX 33
[2026-06-22 19:15:40] [16:15:40] Sin señal. Precio 1.14244  RSI 34  ADX 33
[2026-06-22 19:16:40] [16:16:40] Sin señal. Precio 1.14236  RSI 33  ADX 34
[2026-06-22 19:17:40] [16:17:40] Sin señal. Precio 1.14236  RSI 33  ADX 34
[2026-06-22 19:18:40] [16:18:40] Sin señal. Precio 1.14236  RSI 33  ADX 34
[2026-06-22 19:19:40] [16:19:40] Sin señal. Precio 1.14236  RSI 33  ADX 34
[2026-06-22 19:20:40] [16:20:40] Sin señal. Precio 1.14236  RSI 33  ADX 34
[2026-06-22 19:21:40] [16:21:40] Sin señal. Precio 1.14236  RSI 33  ADX 34
[2026-06-22 19:22:40] [16:22:40] Sin señal. Precio 1.14236  RSI 33  ADX 34
[2026-06-22 19:23:40] [16:23:40] Sin señal. Precio 1.14236  RSI 33  ADX 34
[2026-06-22 19:24:40] [16:24:40] Sin señal. Precio 1.14236  RSI 33  ADX 34
[2026-06-22 19:25:40] [16:25:40] Sin señal. Precio 1.14236  RSI 33  ADX 34
[2026-06-22 19:26:40] [16:26:40] Sin señal. Precio 1.14236  RSI 33  ADX 34
[2026-06-22 19:27:40] [16:27:40] Sin señal. Precio 1.14236  RSI 33  ADX 34
[2026-06-22 19:28:40] [16:28:40] Sin señal. Precio 1.14236  RSI 33  ADX 34
[2026-06-22 19:29:40] [16:29:40] Sin señal. Precio 1.14236  RSI 33  ADX 34
[2026-06-22 19:30:40] [16:30:40] Sin señal. Precio 1.14236  RSI 33  ADX 34
[2026-06-22 19:31:40] [16:31:40] Sin señal. Precio 1.14212  RSI 31  ADX 35
[2026-06-22 19:32:40] [16:32:40] Sin señal. Precio 1.14212  RSI 31  ADX 35
[2026-06-22 19:33:40] [16:33:40] Sin señal. Precio 1.14212  RSI 31  ADX 35
[2026-06-22 19:34:40] [16:34:40] Sin señal. Precio 1.14212  RSI 31  ADX 35
[2026-06-22 19:35:40] [16:35:40] Sin señal. Precio 1.14212  RSI 31  ADX 35
[2026-06-22 19:36:40] [16:36:40] Sin señal. Precio 1.14212  RSI 31  ADX 35
[2026-06-22 19:37:40] [16:37:40] Sin señal. Precio 1.14212  RSI 31  ADX 35
[2026-06-22 19:38:40] [16:38:40] Sin señal. Precio 1.14212  RSI 31  ADX 35
[2026-06-22 19:39:40] [16:39:40] Sin señal. Precio 1.14212  RSI 31  ADX 35
[2026-06-22 19:40:40] [16:40:40] Sin señal. Precio 1.14212  RSI 31  ADX 35
[2026-06-22 19:41:40] [16:41:40] Sin señal. Precio 1.14212  RSI 31  ADX 35
[2026-06-22 19:42:40] [16:42:40] Sin señal. Precio 1.14212  RSI 31  ADX 35
[2026-06-22 19:43:40] [16:43:40] Sin señal. Precio 1.14212  RSI 31  ADX 35
[2026-06-22 19:44:40] [16:44:40] Sin señal. Precio 1.14212  RSI 31  ADX 35
[2026-06-22 19:45:40] [16:45:40] Sin señal. Precio 1.14212  RSI 31  ADX 35
[2026-06-22 19:46:40] [16:46:40] Sin señal. Precio 1.14195  RSI 30  ADX 36
[2026-06-22 19:47:40] [16:47:40] Sin señal. Precio 1.14195  RSI 30  ADX 36
[2026-06-22 19:48:40] [16:48:40] Sin señal. Precio 1.14195  RSI 30  ADX 36
[2026-06-22 19:49:40] [16:49:40] Sin señal. Precio 1.14195  RSI 30  ADX 36
[2026-06-22 19:50:40] [16:50:40] Sin señal. Precio 1.14195  RSI 30  ADX 36
[2026-06-22 19:51:40] [16:51:40] Sin señal. Precio 1.14195  RSI 30  ADX 36
[2026-06-22 19:52:40] [16:52:40] Sin señal. Precio 1.14195  RSI 30  ADX 36
[2026-06-22 19:53:40] [16:53:40] Sin señal. Precio 1.14195  RSI 30  ADX 36
[2026-06-22 19:54:40] [16:54:40] Sin señal. Precio 1.14195  RSI 30  ADX 36
[2026-06-22 19:55:40] [16:55:40] Sin señal. Precio 1.14195  RSI 30  ADX 36
[2026-06-22 19:56:40] [16:56:40] Sin señal. Precio 1.14195  RSI 30  ADX 36
[2026-06-22 19:57:40] [16:57:40] Sin señal. Precio 1.14195  RSI 30  ADX 36
[2026-06-22 19:58:40] [16:58:40] Sin señal. Precio 1.14195  RSI 30  ADX 36
[2026-06-22 19:59:40] [16:59:40] Sin señal. Precio 1.14195  RSI 30  ADX 36
[2026-06-22 20:00:40] [17:00:40] Sin señal. Precio 1.14195  RSI 30  ADX 36
[2026-06-22 20:01:40] [17:01:40] Sin señal. Precio 1.14249  RSI 40  ADX 36
[2026-06-22 20:02:40] [17:02:40] Sin señal. Precio 1.14249  RSI 40  ADX 36
[2026-06-22 20:03:40] [17:03:40] Sin señal. Precio 1.14249  RSI 40  ADX 36
[2026-06-22 20:04:40] [17:04:40] Sin señal. Precio 1.14249  RSI 40  ADX 36
[2026-06-22 20:05:40] [17:05:40] Sin señal. Precio 1.14249  RSI 40  ADX 36
[2026-06-22 20:06:40] [17:06:40] Sin señal. Precio 1.14249  RSI 40  ADX 36
[2026-06-22 20:07:40] [17:07:40] Sin señal. Precio 1.14249  RSI 40  ADX 36
[2026-06-22 20:08:40] [17:08:40] Sin señal. Precio 1.14249  RSI 40  ADX 36
[2026-06-22 20:09:40] [17:09:40] Sin señal. Precio 1.14249  RSI 40  ADX 36
[2026-06-22 20:10:40] [17:10:40] Sin señal. Precio 1.14249  RSI 40  ADX 36
[2026-06-22 20:11:40] [17:11:40] Sin señal. Precio 1.14249  RSI 40  ADX 36
[2026-06-22 20:12:40] [17:12:40] Sin señal. Precio 1.14249  RSI 40  ADX 36
[2026-06-22 20:13:40] [17:13:40] Sin señal. Precio 1.14249  RSI 40  ADX 36
[2026-06-22 20:14:40] [17:14:40] Sin señal. Precio 1.14249  RSI 40  ADX 36
[2026-06-22 20:15:40] [17:15:40] Sin señal. Precio 1.14249  RSI 40  ADX 36
[2026-06-22 20:16:40] [17:16:40] Sin señal. Precio 1.14287  RSI 46  ADX 34
[2026-06-22 20:17:40] [17:17:40] Sin señal. Precio 1.14287  RSI 46  ADX 34
[2026-06-22 20:18:40] [17:18:40] Sin señal. Precio 1.14287  RSI 46  ADX 34
[2026-06-22 20:19:40] [17:19:40] Sin señal. Precio 1.14287  RSI 46  ADX 34
[2026-06-22 20:20:40] [17:20:40] Sin señal. Precio 1.14287  RSI 46  ADX 34
[2026-06-22 20:21:40] [17:21:40] Sin señal. Precio 1.14287  RSI 46  ADX 34
[2026-06-22 20:22:40] [17:22:40] Sin señal. Precio 1.14287  RSI 46  ADX 34
[2026-06-22 20:23:40] [17:23:40] Sin señal. Precio 1.14287  RSI 46  ADX 34
[2026-06-22 20:24:40] [17:24:40] Sin señal. Precio 1.14287  RSI 46  ADX 34
[2026-06-22 20:25:40] [17:25:40] Sin señal. Precio 1.14287  RSI 46  ADX 34
[2026-06-22 20:26:40] [17:26:40] Sin señal. Precio 1.14287  RSI 46  ADX 34
[2026-06-22 20:27:40] [17:27:40] Sin señal. Precio 1.14287  RSI 46  ADX 34
[2026-06-22 20:28:40] [17:28:40] Sin señal. Precio 1.14287  RSI 46  ADX 34
[2026-06-22 20:29:40] [17:29:40] Sin señal. Precio 1.14287  RSI 46  ADX 34
[2026-06-22 20:30:40] [17:30:40] Sin señal. Precio 1.14287  RSI 46  ADX 34
[2026-06-22 20:31:40] [17:31:40] Sin señal. Precio 1.14273  RSI 44  ADX 33
[2026-06-22 20:32:40] [17:32:40] Sin señal. Precio 1.14273  RSI 44  ADX 33
[2026-06-22 20:33:40] [17:33:40] Sin señal. Precio 1.14273  RSI 44  ADX 33
[2026-06-22 20:34:40] [17:34:40] Sin señal. Precio 1.14273  RSI 44  ADX 33
[2026-06-22 20:35:40] [17:35:40] Sin señal. Precio 1.14273  RSI 44  ADX 33
[2026-06-22 20:36:40] [17:36:40] Sin señal. Precio 1.14273  RSI 44  ADX 33
[2026-06-22 20:37:40] [17:37:40] Sin señal. Precio 1.14273  RSI 44  ADX 33
[2026-06-22 20:38:40] [17:38:40] Sin señal. Precio 1.14273  RSI 44  ADX 33
[2026-06-22 20:39:40] [17:39:40] Sin señal. Precio 1.14273  RSI 44  ADX 33
[2026-06-22 20:40:40] [17:40:40] Sin señal. Precio 1.14273  RSI 44  ADX 33
[2026-06-22 20:41:40] [17:41:40] Sin señal. Precio 1.14273  RSI 44  ADX 33
[2026-06-22 20:42:40] [17:42:40] Sin señal. Precio 1.14273  RSI 44  ADX 33
[2026-06-22 20:43:40] [17:43:40] Sin señal. Precio 1.14273  RSI 44  ADX 33
[2026-06-22 20:44:40] [17:44:40] Sin señal. Precio 1.14273  RSI 44  ADX 33
